Build started 2017-03-24 9:01:52 PM.
     1>Project "C:\Users\Kevin\Desktop\BZ2 1.3.7.1-b131bg Dll Source Code\Missions\FS01\fs01.vcxproj" on node 2 (Build target(s)).
     1>ClCompile:
         C:\Program Files (x86)\Microsoft Visual Studio 12.0\VC\bin\CL.exe /c /Zi /nologo /W4 /WX- /O1 /Ob2 /Oi /Os /Oy- /GL /D WIN32 /D NDEBUG /D _WINDOWS /D _VC80_UPGRADE=0x0710 /D _WINDLL /GF /Gm- /MD /GS /Gy- /arch:SSE2 /fp:precise /Zc:wchar_t /Zc:forScope /Fo"C:\Users\Kevin\Desktop\BZ2 1.3.7.1-b131bg Dll Source Code\Missions\FS01\\..\Build\Release\fs01\\" /Fd"C:\Users\Kevin\Desktop\BZ2 1.3.7.1-b131bg Dll Source Code\Missions\FS01\\..\Build\Release\fs01\vc120.pdb" /Gr /TP /wd4530 /wd4800 /analyze- /errorReport:prompt ..\Shared\DllBase.cpp ..\Shared\SPMission.cpp fs01.cpp
         DllBase.cpp
         SPMission.cpp
         fs01.cpp
       Link:
         C:\Program Files (x86)\Microsoft Visual Studio 12.0\VC\bin\link.exe /ERRORREPORT:PROMPT /OUT:"..\..\Debug\missions\fs01.dll" /INCREMENTAL:NO /NOLOGO ..\..\debug\bzone.lib kernel32.lib user32.lib gdi32.lib winspool.lib comdlg32.lib advapi32.lib shell32.lib ole32.lib oleaut32.lib uuid.lib odbc32.lib odbccp32.lib /MANIFEST /MANIFESTUAC:"level='asInvoker' uiAccess='false'" /manifest:embed /DEBUG /PDB:"..\..\Debug\missions\fs01.pdb" /PDBSTRIPPED:"..\..\Debug\missions\Redist\fs01.pdb" /SUBSYSTEM:WINDOWS /OPT:REF /OPT:ICF /LTCG /TLBID:1 /BASE:"0x4fC00000" /DYNAMICBASE /FIXED:NO /NXCOMPAT /IMPLIB:"C:\Users\Kevin\Desktop\BZ2 1.3.7.1-b131bg Dll Source Code\Missions\FS01\\..\Build\Release\fs01\fs01.lib" /MACHINE:X86 /SAFESEH /DYNAMICBASE /DLL "C:\Users\Kevin\Desktop\BZ2 1.3.7.1-b131bg Dll Source Code\Missions\FS01\\..\Build\Release\fs01\DllBase.obj"
         "C:\Users\Kevin\Desktop\BZ2 1.3.7.1-b131bg Dll Source Code\Missions\FS01\\..\Build\Release\fs01\SPMission.obj"
         "C:\Users\Kevin\Desktop\BZ2 1.3.7.1-b131bg Dll Source Code\Missions\FS01\\..\Build\Release\fs01\fs01.obj"
            Creating library C:\Users\Kevin\Desktop\BZ2 1.3.7.1-b131bg Dll Source Code\Missions\FS01\\..\Build\Release\fs01\fs01.lib and object C:\Users\Kevin\Desktop\BZ2 1.3.7.1-b131bg Dll Source Code\Missions\FS01\\..\Build\Release\fs01\fs01.exp
         Generating code
         Finished generating code
     1>LINK : fatal error LNK1201: error writing to program database 'C:\Users\Kevin\Desktop\BZ2 1.3.7.1-b131bg Dll Source Code\Debug\missions\Redist\fs01.pdb'; check for insufficient disk space, invalid path, or insufficient privilege
     1>Done Building Project "C:\Users\Kevin\Desktop\BZ2 1.3.7.1-b131bg Dll Source Code\Missions\FS01\fs01.vcxproj" (Build target(s)) -- FAILED.

Build FAILED.

Time Elapsed 00:00:00.81
